2018-03-20 09:49:16 INFO  - Initializing driver
2018-03-20 09:49:20 INFO  - ***Started execution of Scenario ==> Verify correct error message displayed on checkout with incorrect payment details
2018-03-20 09:49:27 INFO  - Navigating to base url : http://www.buyagift.co.uk/
2018-03-20 09:49:28 INFO  - Wait for page load
2018-03-20 09:49:28 INFO  - Entered value in test field : Search Field ==>> Two Nights for the Price of One Hotel Break
2018-03-20 09:49:30 INFO  - Clicked on element : Search Button
2018-03-20 09:49:35 ERROR - Timeout waiting for Page Load Request to complete.org.openqa.selenium.WebDriverException: chrome not reachable
  (Session info: chrome=64.0.3282.186)
  (Driver info: chromedriver=2.33.506120 (e3e53437346286c0bc2d2dc9aa4915ba81d9023f),platform=Windows NT 10.0.16299 x86_64) (WARNING: The server did not provide any stacktrace information)
Command duration or timeout: 4.02 seconds
Build info: version: '2.44.0', revision: '76d78cf323ce037c5f92db6c1bba601c2ac43ad8', time: '2014-10-23 13:11:40'
System info: host: 'DESKTOP-TVUKR55', ip: '192.168.0.46', os.name: 'Windows NT (unknown)', os.arch: 'amd64', os.version: '6.2', java.version: '1.7.0'
Session ID: cca1f1002236bd629ce4e9892db66324
Driver info: org.openqa.selenium.chrome.ChromeDriver
Capabilities [{platform=WIN8, acceptSslCerts=true, javascriptEnabled=true, browserName=chrome, chrome={userDataDir=C:\Users\SUNILM~1\AppData\Local\Temp\scoped_dir5020_15035, chromedriverVersion=2.33.506120 (e3e53437346286c0bc2d2dc9aa4915ba81d9023f)}, networkConnectionEnabled=false, unexpectedAlertBehaviour=, rotatable=false, setWindowRect=true, locationContextEnabled=true, mobileEmulationEnabled=false, version=64.0.3282.186, pageLoadStrategy=normal, takesHeapSnapshot=true, cssSelectorsEnabled=true, databaseEnabled=false, handlesAlerts=true, browserConnectionEnabled=false, webStorageEnabled=true, nativeEvents=true, hasTouchScreen=false, applicationCacheEnabled=false, takesScreenshot=true}]
2018-03-20 09:49:35 INFO  - ***Ended execution of Scenario ==> cucumber.runtime.ScenarioImpl@3a3e2405
2018-03-20 09:49:36 INFO  - Quit driver
2018-03-20 09:49:36 INFO  - *****************************************************************
2018-03-20 09:49:36 INFO  - *****************************************************************
2018-03-20 09:49:36 INFO  - Initializing driver
2018-03-20 09:49:39 INFO  - ***Started execution of Scenario ==> Verify correct error message displayed on checkout with incorrect payment details
